  myGameMaster.cpp
C:\Users\user\Desktop\네겜프기말\myGame\Master\myGameMaster.cpp(70,19): warning C4566: 유니버설 문자 이름 '\uFFFD'(으)로 표현되는 문자는 현재 코드 페이지(949)에서 표현할 수 없습니다.
C:\Users\user\Desktop\네겜프기말\myGame\Master\myGameMaster.cpp(70,19): warning C4566: 유니버설 문자 이름 '\u02B1'(으)로 표현되는 문자는 현재 코드 페이지(949)에서 표현할 수 없습니다.
C:\Users\user\Desktop\네겜프기말\myGame\Master\myGameMaster.cpp(70,19): warning C4566: 유니버설 문자 이름 '\u022D'(으)로 표현되는 문자는 현재 코드 페이지(949)에서 표현할 수 없습니다.
C:\Users\user\Desktop\네겜프기말\myGame\Master\myGameMaster.cpp(70,19): warning C4566: 유니버설 문자 이름 '\u07FD'(으)로 표현되는 문자는 현재 코드 페이지(949)에서 표현할 수 없습니다.
C:\Users\user\Desktop\네겜프기말\myGame\Master\myGameMaster.cpp(70,19): warning C4566: 유니버설 문자 이름 '\u03F4'(으)로 표현되는 문자는 현재 코드 페이지(949)에서 표현할 수 없습니다.
C:\Users\user\Desktop\네겜프기말\myGame\Master\myGameMaster.cpp(70,78): warning C4566: 유니버설 문자 이름 '\uFFFD'(으)로 표현되는 문자는 현재 코드 페이지(949)에서 표현할 수 없습니다.
C:\Users\user\Desktop\네겜프기말\myGame\Master\myGameMaster.cpp(351,1): warning C4996: 'sprintf': This function or variable may be unsafe. Consider using sprintf_s instead. To disable deprecation, use _CRT_SECURE_NO_WARNINGS. See online help for details.
C:\Program Files (x86)\Windows Kits\10\Include\10.0.18362.0\ucrt\stdio.h(1774): message : 'sprintf' 선언을 참조하십시오.
C:\Users\user\Desktop\네겜프기말\myGame\Master\myGameMaster.cpp(371,1): warning C4996: 'sprintf': This function or variable may be unsafe. Consider using sprintf_s instead. To disable deprecation, use _CRT_SECURE_NO_WARNINGS. See online help for details.
C:\Program Files (x86)\Windows Kits\10\Include\10.0.18362.0\ucrt\stdio.h(1774): message : 'sprintf' 선언을 참조하십시오.
C:\Users\user\Desktop\네겜프기말\myGame\Master\myGameMaster.cpp(414,1): warning C4996: 'sprintf': This function or variable may be unsafe. Consider using sprintf_s instead. To disable deprecation, use _CRT_SECURE_NO_WARNINGS. See online help for details.
C:\Program Files (x86)\Windows Kits\10\Include\10.0.18362.0\ucrt\stdio.h(1774): message : 'sprintf' 선언을 참조하십시오.
C:\Users\user\Desktop\네겜프기말\myGame\Master\myGameMaster.cpp(441,1): warning C4996: 'sprintf': This function or variable may be unsafe. Consider using sprintf_s instead. To disable deprecation, use _CRT_SECURE_NO_WARNINGS. See online help for details.
C:\Program Files (x86)\Windows Kits\10\Include\10.0.18362.0\ucrt\stdio.h(1774): message : 'sprintf' 선언을 참조하십시오.
C:\Users\user\Desktop\네겜프기말\myGame\Master\myGameMaster.cpp(463,1): warning C4996: 'sprintf': This function or variable may be unsafe. Consider using sprintf_s instead. To disable deprecation, use _CRT_SECURE_NO_WARNINGS. See online help for details.
C:\Program Files (x86)\Windows Kits\10\Include\10.0.18362.0\ucrt\stdio.h(1774): message : 'sprintf' 선언을 참조하십시오.
C:\Users\user\Desktop\네겜프기말\myGame\Master\myGameMaster.cpp(486,1): warning C4996: 'sprintf': This function or variable may be unsafe. Consider using sprintf_s instead. To disable deprecation, use _CRT_SECURE_NO_WARNINGS. See online help for details.
C:\Program Files (x86)\Windows Kits\10\Include\10.0.18362.0\ucrt\stdio.h(1774): message : 'sprintf' 선언을 참조하십시오.
  myGameMaster.vcxproj -> C:\Users\user\Desktop\네겜프기말\myGame\Master\Debug\myGameMaster.exe
